<?xml version="1.0" encoding="UTF-8"?>
<!-- Generated by org.testng.reporters.JUnitReportReporter -->
<testsuite skipped="0" hostname="DESKTOP-UMS68C0" name="PMSMAVEN01.PMSUS.SceonduserTest" tests="1" failures="0" timestamp="2021-09-02T17:08:59 IST" time="0.000" errors="0">
  <testcase name="Sceondmethod" time="0.000" classname="PMSMAVEN01.PMSUS.SceonduserTest"/>
  <system-out/>
</testsuite> <!-- PMSMAVEN01.PMSUS.SceonduserTest -->
