<?xml version="1.0" encoding="UTF-8"?>
<!-- Generated by org.testng.reporters.JUnitReportReporter -->
<testsuite hostname="DESKTOP-UMS68C0" failures="0" tests="2" name="PMSMAVEN01.PMSUS.SceonduserTest" time="0.002" errors="0" timestamp="2021-09-02T17:20:38 IST" skipped="0">
  <testcase classname="PMSMAVEN01.PMSUS.SceonduserTest" name="Sceondmethod" time="0.001"/>
  <system-out/>
  <testcase classname="PMSMAVEN01.PMSUS.SceonduserTest" name="Sceondmethod01" time="0.001"/>
  <system-out/>
</testsuite> <!-- PMSMAVEN01.PMSUS.SceonduserTest -->
