<?xml version="1.0" encoding="UTF-8"?>
<!-- Generated by org.testng.reporters.JUnitReportReporter -->
<testsuite hostname="DESKTOP-UMS68C0" failures="0" tests="4" name="PMSMAVEN01.PMSUS.AppiumTest" time="0.003" errors="0" timestamp="2021-09-02T17:20:38 IST" skipped="0">
  <testcase classname="PMSMAVEN01.PMSUS.AppiumTest" name="Appium01" time="0.001"/>
  <system-out/>
  <testcase classname="PMSMAVEN01.PMSUS.AppiumTest" name="Appium03" time="0.001"/>
  <system-out/>
  <testcase classname="PMSMAVEN01.PMSUS.AppiumTest" name="Appium02" time="0.001"/>
  <system-out/>
  <testcase classname="PMSMAVEN01.PMSUS.AppiumTest" name="Appium04" time="0.000"/>
  <system-out/>
</testsuite> <!-- PMSMAVEN01.PMSUS.AppiumTest -->
