<?xml version="1.0" encoding="UTF-8"?>
<!-- Generated by org.testng.reporters.JUnitReportReporter -->
<testsuite skipped="0" hostname="DESKTOP-UMS68C0" name="PMSMAVEN01.PMSUS.Selenium01Test" tests="3" failures="0" timestamp="2021-09-02T16:58:08 IST" time="0.003" errors="0">
  <testcase name="selenium01" time="0.001" classname="PMSMAVEN01.PMSUS.Selenium01Test"/>
  <system-out/>
  <testcase name="Selenium03" time="0.001" classname="PMSMAVEN01.PMSUS.Selenium01Test"/>
  <system-out/>
  <testcase name="Selenium02" time="0.001" classname="PMSMAVEN01.PMSUS.Selenium01Test"/>
  <system-out/>
</testsuite> <!-- PMSMAVEN01.PMSUS.Selenium01Test -->
