<?xml version="1.0" encoding="UTF-8"?>
<!-- Generated by org.testng.reporters.JUnitReportReporter -->
<testsuite hostname="DESKTOP-UMS68C0" failures="0" tests="4" name="PMSMAVEN01.PMSUS.RestAPITEST" time="0.019" errors="0" timestamp="2021-09-01T17:36:53 IST" skipped="0">
  <testcase classname="PMSMAVEN01.PMSUS.RestAPITEST" name="RestAPPITest03" time="0.002"/>
  <system-out/>
  <testcase classname="PMSMAVEN01.PMSUS.RestAPITEST" name="Selenium06" time="0.001"/>
  <system-out/>
  <testcase classname="PMSMAVEN01.PMSUS.RestAPITEST" name="RestAPPITest01" time="0.014"/>
  <system-out/>
  <testcase classname="PMSMAVEN01.PMSUS.RestAPITEST" name="RestAPPITest02" time="0.002"/>
  <system-out/>
</testsuite> <!-- PMSMAVEN01.PMSUS.RestAPITEST -->
