<?xml version="1.0" encoding="UTF-8"?>
<!-- Generated by org.testng.reporters.JUnitReportReporter -->
<testsuite skipped="0" hostname="DESKTOP-UMS68C0" name="PMSMAVEN01.PMSUS.SceonduserTest" tests="3" failures="0" timestamp="2021-09-03T07:53:54 IST" time="0.003" errors="0">
  <testcase name="Sceondmethod02" time="0.001" classname="PMSMAVEN01.PMSUS.SceonduserTest"/>
  <system-out/>
  <testcase name="Sceondmethod" time="0.001" classname="PMSMAVEN01.PMSUS.SceonduserTest"/>
  <system-out/>
  <testcase name="Sceondmethod01" time="0.001" classname="PMSMAVEN01.PMSUS.SceonduserTest"/>
  <system-out/>
</testsuite> <!-- PMSMAVEN01.PMSUS.SceonduserTest -->
