<?xml version="1.0" encoding="UTF-8"?>
<!-- Generated by org.testng.reporters.JUnitReportReporter -->
<testsuite skipped="0" hostname="DESKTOP-UMS68C0" name="PMSMAVEN01.PMSUS.AppiumTest" tests="4" failures="0" timestamp="2021-09-02T17:08:59 IST" time="0.004" errors="0">
  <testcase name="Appium03" time="0.000" classname="PMSMAVEN01.PMSUS.AppiumTest"/>
  <system-out/>
  <testcase name="Appium01" time="0.001" classname="PMSMAVEN01.PMSUS.AppiumTest"/>
  <system-out/>
  <testcase name="Appium04" time="0.002" classname="PMSMAVEN01.PMSUS.AppiumTest"/>
  <system-out/>
  <testcase name="Appium02" time="0.001" classname="PMSMAVEN01.PMSUS.AppiumTest"/>
  <system-out/>
</testsuite> <!-- PMSMAVEN01.PMSUS.AppiumTest -->
