<?xml version="1.0" encoding="UTF-8"?>
<!-- Generated by org.testng.reporters.JUnitReportReporter -->
<testsuite skipped="0" hostname="DESKTOP-UMS68C0" name="PMSMAVEN01.PMSUS.Selenium01Test" tests="3" failures="0" timestamp="2021-09-03T07:53:54 IST" time="0.001" errors="0">
  <testcase name="Selenium02" time="0.001" classname="PMSMAVEN01.PMSUS.Selenium01Test"/>
  <system-out/>
  <testcase name="Selenium03" time="0.000" classname="PMSMAVEN01.PMSUS.Selenium01Test"/>
  <system-out/>
  <testcase name="selenium01" time="0.000" classname="PMSMAVEN01.PMSUS.Selenium01Test"/>
  <system-out/>
</testsuite> <!-- PMSMAVEN01.PMSUS.Selenium01Test -->
