<?xml version="1.0" encoding="UTF-8"?>
<!-- Generated by org.testng.reporters.JUnitReportReporter -->
<testsuite hostname="DESKTOP-UMS68C0" failures="0" tests="4" name="PMSMAVEN01.PMSUS.Selenium01Test" time="0.003" errors="0" timestamp="2021-09-01T17:36:53 IST" skipped="0">
  <testcase classname="PMSMAVEN01.PMSUS.Selenium01Test" name="Selenium02" time="0.000"/>
  <system-out/>
  <testcase classname="PMSMAVEN01.PMSUS.Selenium01Test" name="Selenium03" time="0.001"/>
  <system-out/>
  <testcase classname="PMSMAVEN01.PMSUS.Selenium01Test" name="selenium01" time="0.001"/>
  <system-out/>
  <testcase classname="PMSMAVEN01.PMSUS.Selenium01Test" name="Selenium04" time="0.001"/>
  <system-out/>
</testsuite> <!-- PMSMAVEN01.PMSUS.Selenium01Test -->
