<?xml version="1.0" encoding="UTF-8"?>
<!-- Generated by org.testng.reporters.JUnitReportReporter -->
<testsuite skipped="0" hostname="DESKTOP-UMS68C0" name="PMSMAVEN01.PMSUS.RestAPITEST" tests="4" failures="0" timestamp="2021-09-02T17:08:59 IST" time="0.011" errors="0">
  <testcase name="RestAPPITest01" time="0.008" classname="PMSMAVEN01.PMSUS.RestAPITEST"/>
  <system-out/>
  <testcase name="RestAPPITest02" time="0.001" classname="PMSMAVEN01.PMSUS.RestAPITEST"/>
  <system-out/>
  <testcase name="RestAPPITest04" time="0.001" classname="PMSMAVEN01.PMSUS.RestAPITEST"/>
  <system-out/>
  <testcase name="RestAPPITest03" time="0.001" classname="PMSMAVEN01.PMSUS.RestAPITEST"/>
  <system-out/>
</testsuite> <!-- PMSMAVEN01.PMSUS.RestAPITEST -->
